application/build/outputs/logs/manifest-merger-normal-debug-report.txt
-- Merging decision tree log ---
manifest
ADDED from src/main/AndroidManifest.xml:2:1-98:12
	package
		ADDED from src/main/AndroidManifest.xml:5:5-45
		INJECTED from src/main/AndroidManifest.xml
		INJECTED from src/main/AndroidManifest.xml
	android:versionName
		ADDED from src/main/AndroidManifest.xml:8:5-30
		INJECTED from src/main/AndroidManifest.xml
		INJECTED from src/main/AndroidManifest.xml
	xmlns:tools
		ADDED from src/main/AndroidManifest.xml:4:5-51
	android:versionCode
		ADDED from src/main/AndroidManifest.xml:7:5-29
		INJECTED from src/main/AndroidManifest.xml
		INJECTED from src/main/AndroidManifest.xml
	xmlns:android
		ADDED from src/main/AndroidManifest.xml:2:11-69
	android:installLocation
		ADDED from src/main/AndroidManifest.xml:6:5-35
uses-permission#android.permission.INTERNET
ADDED from src/main/AndroidManifest.xml:11:5-67
	android:name
		ADDED from src/main/AndroidManifest.xml:11:22-64
uses-permission#android.permission.ACCESS_NETWORK_STATE
ADDED from src/main/AndroidManifest.xml:12:5-79
	android:name
		ADDED from src/main/AndroidManifest.xml:12:22-76
uses-permission#android.permission.VIBRATE
ADDED from src/main/AndroidManifest.xml:13:5-66
	android:name
		ADDED from src/main/AndroidManifest.xml:13:22-63
uses-sdk
ADDED from src/main/AndroidManifest.xml:17:5-19:41
MERGED from [simpleirc:viewPagerIndicator:unspecified] AndroidManifest.xml:7:5-9:40
MERGED from [simpleirc:colorPickerView:unspecified] AndroidManifest.xml:22:5-24:41
MERGED from [com.android.support:appcompat-v7:22.1.0] AndroidManifest.xml:20:5-43
MERGED from [com.android.support:support-v4:22.1.0] AndroidManifest.xml:20:5-43
	android:targetSdkVersion
		ADDED from src/main/AndroidManifest.xml:19:9-38
		INJECTED from src/main/AndroidManifest.xml
		INJECTED from src/main/AndroidManifest.xml
	android:minSdkVersion
		ADDED from src/main/AndroidManifest.xml:18:9-35
		INJECTED from src/main/AndroidManifest.xml
		INJECTED from src/main/AndroidManifest.xml
application
ADDED from src/main/AndroidManifest.xml:22:5-96:19
MERGED from [simpleirc:memorizingTrustManager:unspecified] AndroidManifest.xml:7:5-11:19
MERGED from [com.android.support:appcompat-v7:22.1.0] AndroidManifest.xml:22:5-20
MERGED from [com.android.support:support-v4:22.1.0] AndroidManifest.xml:22:5-20
	android:label
		ADDED from src/main/AndroidManifest.xml:27:9-35
		REJECTED from [simpleirc:memorizingTrustManager:unspecified] AndroidManifest.xml:7:18-56
	android:allowBackup
		ADDED from src/main/AndroidManifest.xml:24:9-35
	android:icon
		ADDED from src/main/AndroidManifest.xml:25:9-43
	android:theme
		ADDED from src/main/AndroidManifest.xml:28:9-40
	tools:replace
		ADDED from src/main/AndroidManifest.xml:23:9-35
	android:name
		ADDED from src/main/AndroidManifest.xml:26:9-58
activity#tk.jordynsmediagroup.simpleirc.activity.ServersActivity
ADDED from src/main/AndroidManifest.xml:29:9-37:20
	android:label
		ADDED from src/main/AndroidManifest.xml:31:13-39
	android:launchMode
		ADDED from src/main/AndroidManifest.xml:32:13-42
	android:name
		ADDED from src/main/AndroidManifest.xml:30:13-83
intent-filter#android.intent.action.MAIN+android.intent.category.LAUNCHER
ADDED from src/main/AndroidManifest.xml:33:13-36:29
action#android.intent.action.MAIN
ADDED from src/main/AndroidManifest.xml:34:17-69
	android:name
		ADDED from src/main/AndroidManifest.xml:34:25-66
category#android.intent.category.LAUNCHER
ADDED from src/main/AndroidManifest.xml:35:17-77
	android:name
		ADDED from src/main/AndroidManifest.xml:35:27-74
activity#tk.jordynsmediagroup.simpleirc.activity.AddServerActivity
ADDED from src/main/AndroidManifest.xml:38:9-49:20
	android:label
		ADDED from src/main/AndroidManifest.xml:41:13-53
	android:theme
		ADDED from src/main/AndroidManifest.xml:40:13-67
	android:name
		ADDED from src/main/AndroidManifest.xml:39:13-85
intent-filter#android.intent.action.VIEW+android.intent.category.BROWSABLE+android.intent.category.DEFAULT
ADDED from src/main/AndroidManifest.xml:42:13-48:29
action#android.intent.action.VIEW
ADDED from src/main/AndroidManifest.xml:43:17-69
	android:name
		ADDED from src/main/AndroidManifest.xml:43:25-66
category#android.intent.category.DEFAULT
ADDED from src/main/AndroidManifest.xml:44:17-76
	android:name
		ADDED from src/main/AndroidManifest.xml:44:27-73
category#android.intent.category.BROWSABLE
ADDED from src/main/AndroidManifest.xml:45:17-78
	android:name
		ADDED from src/main/AndroidManifest.xml:45:27-75
data
ADDED from src/main/AndroidManifest.xml:47:17-46
	android:scheme
		ADDED from src/main/AndroidManifest.xml:47:23-43
activity#tk.jordynsmediagroup.simpleirc.activity.ConversationActivity
ADDED from src/main/AndroidManifest.xml:50:9-55:100
	android:parentActivityName
		ADDED from src/main/AndroidManifest.xml:55:13-97
	android:launchMode
		ADDED from src/main/AndroidManifest.xml:54:13-43
	android:windowSoftInputMode
		ADDED from src/main/AndroidManifest.xml:52:13-55
	android:configChanges
		ADDED from src/main/AndroidManifest.xml:53:13-37
	android:name
		ADDED from src/main/AndroidManifest.xml:51:13-88
activity#tk.jordynsmediagroup.simpleirc.activity.AboutActivity
ADDED from src/main/AndroidManifest.xml:56:9-59:51
	android:label
		ADDED from src/main/AndroidManifest.xml:59:13-48
	android:theme
		ADDED from src/main/AndroidManifest.xml:58:13-64
	android:name
		ADDED from src/main/AndroidManifest.xml:57:13-81
activity#tk.jordynsmediagroup.simpleirc.activity.SettingsActivity
ADDED from src/main/AndroidManifest.xml:60:9-68:20
	android:label
		ADDED from src/main/AndroidManifest.xml:64:13-51
	android:parentActivityName
		ADDED from src/main/AndroidManifest.xml:62:13-97
	android:theme
		ADDED from src/main/AndroidManifest.xml:63:13-57
	android:name
		ADDED from src/main/AndroidManifest.xml:61:13-84
meta-data#android.support.PARENT_ACTIVITY
ADDED from src/main/AndroidManifest.xml:65:13-67:91
	android:value
		ADDED from src/main/AndroidManifest.xml:67:17-88
	android:name
		ADDED from src/main/AndroidManifest.xml:66:17-63
activity#tk.jordynsmediagroup.simpleirc.activity.JoinActivity
ADDED from src/main/AndroidManifest.xml:69:9-72:53
	android:label
		ADDED from src/main/AndroidManifest.xml:71:13-47
	android:theme
		ADDED from src/main/AndroidManifest.xml:72:13-50
	android:name
		ADDED from src/main/AndroidManifest.xml:70:13-80
activity#tk.jordynsmediagroup.simpleirc.activity.MessageActivity
ADDED from src/main/AndroidManifest.xml:73:9-75:53
	android:theme
		ADDED from src/main/AndroidManifest.xml:75:13-50
	android:name
		ADDED from src/main/AndroidManifest.xml:74:13-83
service#tk.jordynsmediagroup.simpleirc.irc.IRCService
ADDED from src/main/AndroidManifest.xml:77:9-81
	android:name
		ADDED from src/main/AndroidManifest.xml:77:18-78
activity#tk.jordynsmediagroup.simpleirc.activity.ForgetCertificatesActivity
ADDED from src/main/AndroidManifest.xml:79:9-85:20
	android:name
		ADDED from src/main/AndroidManifest.xml:79:19-100
intent-filter#android.intent.category.DEFAULT+tk.jordynsmediagroup.simpleirc.activity.ForgetCertificatesActivity
ADDED from src/main/AndroidManifest.xml:80:13-83:29
action#tk.jordynsmediagroup.simpleirc.activity.ForgetCertificatesActivity
ADDED from src/main/AndroidManifest.xml:81:17-109
	android:name
		ADDED from src/main/AndroidManifest.xml:81:25-106
activity#de.duenndns.ssl.MemorizingActivity
ADDED from src/main/AndroidManifest.xml:87:9-90:15
MERGED from [simpleirc:memorizingTrustManager:unspecified] AndroidManifest.xml:8:9-10:75
	android:theme
		ADDED from src/main/AndroidManifest.xml:89:13-67
		REJECTED from [simpleirc:memorizingTrustManager:unspecified] AndroidManifest.xml:10:13-72
	tools:replace
		ADDED from src/main/AndroidManifest.xml:88:13-42
	android:name
		ADDED from src/main/AndroidManifest.xml:87:19-68
activity#tk.jordynsmediagroup.simpleirc.FirstRunActivity
ADDED from src/main/AndroidManifest.xml:92:9-95:64
	android:label
		ADDED from src/main/AndroidManifest.xml:95:13-61
	android:theme
		ADDED from src/main/AndroidManifest.xml:94:13-63
	android:name
		ADDED from src/main/AndroidManifest.xml:93:13-75
android:uses-permission#android.permission.WRITE_EXTERNAL_STORAGE
IMPLIED from src/main/AndroidManifest.xml:2:1-98:12 reason: de.duenndns.ssl has a targetSdkVersion < 4
android:uses-permission#android.permission.READ_PHONE_STATE
IMPLIED from src/main/AndroidManifest.xml:2:1-98:12 reason: de.duenndns.ssl has a targetSdkVersion < 4
android:uses-permission#android.permission.READ_EXTERNAL_STORAGE
IMPLIED from src/main/AndroidManifest.xml:2:1-98:12 reason: de.duenndns.ssl requested WRITE_EXTERNAL_STORAGE